INFO    : Building target web
INFO    : XSL conversion of /Users/jerome/Documents/Projets/TP Microwave Quantum Machine ESR or Radar/TP-ESR/main/source/main.ptx by /Users/jerome/.ptx/2.35.0/core/xsl/utilities/pretext-enhanced-source.xsl
INFO    : successful application of /Users/jerome/.ptx/2.35.0/core/xsl/utilities/pretext-enhanced-source.xsl
INFO    : Generating any needed assets.
INFO    : Finished generating assets.

INFO    : Preparing to build into /Users/jerome/Documents/Projets/TP Microwave Quantum Machine ESR or Radar/TP-ESR/main/output/web.
INFO    : discovering source file's directory name: /Users/jerome/Documents/Projets/TP Microwave Quantum Machine ESR or Radar/TP-ESR/main/source
INFO    : verifying and expanding input directory: /Users/jerome/Documents/Projets/TP Microwave Quantum Machine ESR or Radar/TP-ESR/main/source/../generated-assets
INFO    : input directory expanded to absolute path: /Users/jerome/Documents/Projets/TP Microwave Quantum Machine ESR or Radar/TP-ESR/main/generated-assets
INFO    : verifying and expanding input directory: /Users/jerome/Documents/Projets/TP Microwave Quantum Machine ESR or Radar/TP-ESR/main/source/../assets
INFO    : input directory expanded to absolute path: /Users/jerome/Documents/Projets/TP Microwave Quantum Machine ESR or Radar/TP-ESR/main/assets
INFO    : discovering source file's directory name: /Users/jerome/Documents/Projets/TP Microwave Quantum Machine ESR or Radar/TP-ESR/main/source
INFO    : XSL conversion of /Users/jerome/Documents/Projets/TP Microwave Quantum Machine ESR or Radar/TP-ESR/main/source/main.ptx by /Users/jerome/.ptx/2.35.0/core/xsl/utilities/report-publisher-variables.xsl
INFO    : successful application of /Users/jerome/.ptx/2.35.0/core/xsl/utilities/report-publisher-variables.xsl
INFO    : Downloading rs services file from https://runestone.academy/cdn/runestone/latest/webpack_static_imports.xml.
INFO    : Runestone Services via online CDN query: version 7.11.10
INFO    : Downloading Runestone Services, version 7.11.10
INFO    : Extracting Runestone Services from archive file
INFO    : Building custom css theme: theme-default-modern
INFO    : converting /Users/jerome/Documents/Projets/TP Microwave Quantum Machine ESR or Radar/TP-ESR/main/source/main.ptx to HTML in /var/folders/sl/gqsq35s137l8dm3187tcn1h00000gp/T/ptx-0i4838nw
INFO    : XSL conversion of /Users/jerome/Documents/Projets/TP Microwave Quantum Machine ESR or Radar/TP-ESR/main/source/main.ptx by /Users/jerome/.ptx/2.35.0/core/xsl/pretext-html.xsl
INFO    : messages from the log for XSL processing:
INFO    : * PTX:INFO:   checking all deprecated elements.
INFO    : * runtime error, element 'value-of'
INFO    : * xsltApplySequenceConstructor: A potential infinite template recursion was detected.
You can adjust xsltMaxDepth (--maxdepth) in order to raise the maximum number of nested template calls and variables/params (currently set to 3000).
INFO    : * unknown error
INFO    : * unknown error
INFO    : * unknown error
INFO    : * unknown error
INFO    : * unknown error
INFO    : * unknown error
INFO    : * unknown error
INFO    : * unknown error
INFO    : * unknown error
INFO    : * unknown error
INFO    : * unknown error
INFO    : * unknown error
INFO    : * unknown error
INFO    : * unknown error
INFO    : * unknown error
INFO    : * unknown error
INFO    : * unknown error
INFO    : * unknown error
INFO    : * unknown error
INFO    : * unknown error
INFO    : * unknown error
INFO    : * unknown error
INFO    : * unknown error
INFO    : * unknown error
INFO    : * unknown error
INFO    : * unknown error
INFO    : * unknown error
INFO    : * unknown error
INFO    : * unknown error
INFO    : * unknown error
INFO    : * unknown error
INFO    : * unknown error
INFO    : * unknown error
INFO    : * unknown error
INFO    : * unknown error
INFO    : * unknown error
INFO    : * unknown error
INFO    : * unknown error
INFO    : * unknown error
INFO    : * unknown error
INFO    : * unknown error
INFO    : * unknown error
INFO    : * unknown error
INFO    : * unknown error
INFO    : * unknown error
INFO    : * unknown error
INFO    : * unknown error
INFO    : * unknown error
INFO    : * unknown error
INFO    : * chunk
INFO    : * unknown error
INFO    : * unknown error
INFO    : * intermediate
INFO    : * unknown error
INFO    : * unknown error
INFO    : * chunk
INFO    : * unknown error
INFO    : * unknown error
INFO    : * intermediate
INFO    : * unknown error
INFO    : * unknown error
INFO    : * chunk
INFO    : * unknown error
INFO    : * unknown error
INFO    : * intermediate
INFO    : * unknown error
INFO    : * unknown error
INFO    : * chunk
INFO    : * unknown error
INFO    : * unknown error
INFO    : * intermediate
INFO    : * unknown error
INFO    : * unknown error
INFO    : * chunk
INFO    : * unknown error
INFO    : * unknown error
INFO    : * intermediate
INFO    : * unknown error
INFO    : * unknown error
INFO    : * chunk
INFO    : * unknown error
INFO    : * unknown error
INFO    : * intermediate
INFO    : * unknown error
INFO    : * unknown error
INFO    : * chunk
INFO    : * unknown error
INFO    : * unknown error
INFO    : * intermediate
INFO    : * unknown error
INFO    : * unknown error
INFO    : * chunk
ERROR   : processing with /Users/jerome/.ptx/2.35.0/core/xsl/pretext-html.xsl has failed

CRITICAL: chunk
INFO    : ------------------------
CRITICAL: Failed to build without errors.  Exiting...
INFO    : 
----------------------------------------------------
INFO    : While running pretext, the following errors occurred:

INFO    : (see log messages above or in the 'logs' folder for more information)
INFO    : ----------------------------------------------------
