INFO    : Building target web
INFO    : XSL conversion of /Users/jerome/Documents/Projets/TP Microwave Quantum Machine ESR or Radar/TP ESR texte/tpesr/source/main.ptx by /Users/jerome/.ptx/2.35.0/core/xsl/utilities/pretext-enhanced-source.xsl
INFO    : successful application of /Users/jerome/.ptx/2.35.0/core/xsl/utilities/pretext-enhanced-source.xsl
INFO    : Generating any needed assets.
INFO    : Finished generating assets.

INFO    : Preparing to build into /Users/jerome/Documents/Projets/TP Microwave Quantum Machine ESR or Radar/TP ESR texte/tpesr/output/web.
INFO    : discovering source file's directory name: /Users/jerome/Documents/Projets/TP Microwave Quantum Machine ESR or Radar/TP ESR texte/tpesr/source
INFO    : verifying and expanding input directory: /Users/jerome/Documents/Projets/TP Microwave Quantum Machine ESR or Radar/TP ESR texte/tpesr/source/../generated-assets
INFO    : input directory expanded to absolute path: /Users/jerome/Documents/Projets/TP Microwave Quantum Machine ESR or Radar/TP ESR texte/tpesr/generated-assets
INFO    : verifying and expanding input directory: /Users/jerome/Documents/Projets/TP Microwave Quantum Machine ESR or Radar/TP ESR texte/tpesr/source/../assets
INFO    : input directory expanded to absolute path: /Users/jerome/Documents/Projets/TP Microwave Quantum Machine ESR or Radar/TP ESR texte/tpesr/assets
INFO    : discovering source file's directory name: /Users/jerome/Documents/Projets/TP Microwave Quantum Machine ESR or Radar/TP ESR texte/tpesr/source
INFO    : XSL conversion of /Users/jerome/Documents/Projets/TP Microwave Quantum Machine ESR or Radar/TP ESR texte/tpesr/source/main.ptx by /Users/jerome/.ptx/2.35.0/core/xsl/utilities/report-publisher-variables.xsl
INFO    : successful application of /Users/jerome/.ptx/2.35.0/core/xsl/utilities/report-publisher-variables.xsl
INFO    : Downloading rs services file from https://runestone.academy/cdn/runestone/latest/webpack_static_imports.xml.
INFO    : Runestone Services via online CDN query: version 7.11.8
INFO    : Downloading Runestone Services, version 7.11.8
INFO    : Extracting Runestone Services from archive file
INFO    : Building custom css theme: theme-default-modern
INFO    : converting /Users/jerome/Documents/Projets/TP Microwave Quantum Machine ESR or Radar/TP ESR texte/tpesr/source/main.ptx to HTML in /var/folders/sl/gqsq35s137l8dm3187tcn1h00000gp/T/ptx-7avb13nz
INFO    : XSL conversion of /Users/jerome/Documents/Projets/TP Microwave Quantum Machine ESR or Radar/TP ESR texte/tpesr/source/main.ptx by /Users/jerome/.ptx/2.35.0/core/xsl/pretext-html.xsl
INFO    : messages from the log for XSL processing:
INFO    : * PTX:INFO:   checking all deprecated elements.
INFO    : successful application of /Users/jerome/.ptx/2.35.0/core/xsl/pretext-html.xsl
INFO    : Removing temporary directory /var/folders/sl/gqsq35s137l8dm3187tcn1h00000gp/T/ptx-7avb13nz
INFO    : Removing temporary directory /var/folders/sl/gqsq35s137l8dm3187tcn1h00000gp/T/ptx-5yl9sjln
INFO    : 
Finished build for target web. Run `pretext view web` to see the results.

INFO    : 
Success!  Built requested target(s) without errors.

INFO    : 
