INFO    : Building target print
INFO    : XSL conversion of /Users/jerome/Documents/Projets/TP Microwave Quantum Machine ESR or Radar/TP-ESR/main/source/main.ptx by /Users/jerome/.ptx/2.35.0/core/xsl/utilities/pretext-enhanced-source.xsl
INFO    : successful application of /Users/jerome/.ptx/2.35.0/core/xsl/utilities/pretext-enhanced-source.xsl
INFO    : Generating any needed assets.
INFO    : Finished generating assets.

INFO    : Preparing to build into /Users/jerome/Documents/Projets/TP Microwave Quantum Machine ESR or Radar/TP-ESR/main/output/print.
INFO    : discovering source file's directory name: /Users/jerome/Documents/Projets/TP Microwave Quantum Machine ESR or Radar/TP-ESR/main/source
INFO    : verifying and expanding input directory: /Users/jerome/Documents/Projets/TP Microwave Quantum Machine ESR or Radar/TP-ESR/main/source/../generated-assets
INFO    : input directory expanded to absolute path: /Users/jerome/Documents/Projets/TP Microwave Quantum Machine ESR or Radar/TP-ESR/main/generated-assets
INFO    : verifying and expanding input directory: /Users/jerome/Documents/Projets/TP Microwave Quantum Machine ESR or Radar/TP-ESR/main/source/../assets
INFO    : input directory expanded to absolute path: /Users/jerome/Documents/Projets/TP Microwave Quantum Machine ESR or Radar/TP-ESR/main/assets
INFO    : discovering source file's directory name: /Users/jerome/Documents/Projets/TP Microwave Quantum Machine ESR or Radar/TP-ESR/main/source
INFO    : XSL conversion of /Users/jerome/Documents/Projets/TP Microwave Quantum Machine ESR or Radar/TP-ESR/main/source/main.ptx by /Users/jerome/.ptx/2.35.0/core/xsl/utilities/report-publisher-variables.xsl
INFO    : successful application of /Users/jerome/.ptx/2.35.0/core/xsl/utilities/report-publisher-variables.xsl
INFO    : converting /Users/jerome/Documents/Projets/TP Microwave Quantum Machine ESR or Radar/TP-ESR/main/source/main.ptx to LaTeX as /var/folders/sl/gqsq35s137l8dm3187tcn1h00000gp/T/ptx-n_66folj/main.tex
INFO    : XSL conversion of /Users/jerome/Documents/Projets/TP Microwave Quantum Machine ESR or Radar/TP-ESR/main/source/main.ptx by /Users/jerome/.ptx/2.35.0/core/xsl/pretext-latex.xsl
INFO    : messages from the log for XSL processing:
INFO    : * PTX:INFO:   checking all deprecated elements.
INFO    : successful application of /Users/jerome/.ptx/2.35.0/core/xsl/pretext-latex.xsl
INFO    : XSL conversion of /Users/jerome/Documents/Projets/TP Microwave Quantum Machine ESR or Radar/TP-ESR/main/source/main.ptx by /Users/jerome/.ptx/2.35.0/core/xsl/utilities/report-publisher-variables.xsl
INFO    : successful application of /Users/jerome/.ptx/2.35.0/core/xsl/utilities/report-publisher-variables.xsl
CRITICAL: [Errno 2] No such file or directory: 'main.pdf'
INFO    : ------------------------
CRITICAL: Failed to build without errors.  Exiting...
INFO    : 
----------------------------------------------------
INFO    : While running pretext, the following errors occurred:

INFO    : (see log messages above or in the 'logs' folder for more information)
INFO    : ----------------------------------------------------
